{"level":"INFO","timestamp":"2026-02-24T15:08:59.013+0700","file":"server/main.go:60","message":"Shutting down server..."}
{"level":"INFO","timestamp":"2026-02-24T15:08:59.030+0700","file":"server/main.go:69","message":"Server exited properly"}
{"level":"INFO","timestamp":"2026-02-24T15:09:08.720+0700","file":"registry/di_container.go:164","message":"Redis client initialized successfully"}
{"level":"INFO","timestamp":"2026-02-24T15:11:35.501+0700","file":"server/main.go:63","message":"Shutting down server..."}
{"level":"INFO","timestamp":"2026-02-24T15:11:35.516+0700","file":"server/main.go:72","message":"Server exited properly"}
{"level":"INFO","timestamp":"2026-02-24T15:11:44.713+0700","file":"registry/di_container.go:164","message":"Redis client initialized successfully"}
{"level":"INFO","timestamp":"2026-02-24T15:17:04.012+0700","file":"server/main.go:62","message":"Shutting down server..."}
{"level":"INFO","timestamp":"2026-02-24T15:17:04.019+0700","file":"server/main.go:71","message":"Server exited properly"}
{"level":"INFO","timestamp":"2026-02-24T15:17:11.525+0700","file":"registry/di_container.go:164","message":"Redis client initialized successfully"}
{"level":"INFO","timestamp":"2026-02-24T15:17:41.010+0700","file":"server/main.go:62","message":"Shutting down server..."}
{"level":"INFO","timestamp":"2026-02-24T15:17:41.011+0700","file":"server/main.go:71","message":"Server exited properly"}
{"level":"INFO","timestamp":"2026-02-24T15:17:42.113+0700","file":"registry/di_container.go:164","message":"Redis client initialized successfully"}
{"level":"INFO","timestamp":"2026-02-24T15:17:50.504+0700","file":"server/main.go:62","message":"Shutting down server..."}
{"level":"INFO","timestamp":"2026-02-24T15:17:50.505+0700","file":"server/main.go:71","message":"Server exited properly"}
{"level":"INFO","timestamp":"2026-02-24T15:33:51.373+0700","file":"server/main.go:62","message":"Shutting down server..."}
{"level":"INFO","timestamp":"2026-02-24T15:33:51.382+0700","file":"server/main.go:71","message":"Server exited properly"}
{"level":"INFO","timestamp":"2026-02-24T15:34:20.851+0700","file":"server/main.go:62","message":"Shutting down server..."}
{"level":"INFO","timestamp":"2026-02-24T15:34:20.853+0700","file":"server/main.go:71","message":"Server exited properly"}
{"level":"INFO","timestamp":"2026-02-24T15:35:23.899+0700","file":"server/main.go:62","message":"Shutting down server..."}
{"level":"INFO","timestamp":"2026-02-24T15:35:23.936+0700","file":"server/main.go:71","message":"Server exited properly"}
{"level":"INFO","timestamp":"2026-02-24T15:35:46.862+0700","file":"server/main.go:62","message":"Shutting down server..."}
{"level":"INFO","timestamp":"2026-02-24T15:35:46.866+0700","file":"server/main.go:71","message":"Server exited properly"}
{"level":"PANIC","timestamp":"2026-02-24T15:36:09.748+0700","file":"server/main.go:53","message":"HTTP server failed{error 26 0  listen tcp :8080: bind: address already in use}","stacktrace":"main.main.func1\n\t/Users/binhtranquoc/go/go-structure/cmd/server/main.go:53"}
{"level":"PANIC","timestamp":"2026-02-24T16:41:54.348+0700","file":"server/main.go:53","message":"HTTP server failed{error 26 0  listen tcp :8080: bind: address already in use}","stacktrace":"main.main.func1\n\t/Users/binhtranquoc/go/go-structure/cmd/server/main.go:53"}
{"level":"PANIC","timestamp":"2026-02-24T19:16:09.194+0700","file":"server/main.go:53","message":"HTTP server failed{error 26 0  listen tcp :8080: bind: address already in use}","stacktrace":"main.main.func1\n\t/Users/binhtranquoc/go/go-structure/cmd/server/main.go:53"}
{"level":"PANIC","timestamp":"2026-02-24T19:16:52.746+0700","file":"server/main.go:53","message":"HTTP server failed{error 26 0  listen tcp :8080: bind: address already in use}","stacktrace":"main.main.func1\n\t/Users/binhtranquoc/go/go-structure/cmd/server/main.go:53"}
{"level":"INFO","timestamp":"2026-02-24T19:18:49.802+0700","file":"server/main.go:62","message":"Shutting down server..."}
{"level":"INFO","timestamp":"2026-02-24T19:18:49.810+0700","file":"server/main.go:71","message":"Server exited properly"}
{"level":"INFO","timestamp":"2026-02-24T19:18:59.797+0700","file":"server/main.go:62","message":"Shutting down server..."}
{"level":"INFO","timestamp":"2026-02-24T19:18:59.800+0700","file":"server/main.go:71","message":"Server exited properly"}
{"level":"INFO","timestamp":"2026-02-24T19:52:46.659+0700","file":"server/main.go:62","message":"Shutting down server..."}
{"level":"INFO","timestamp":"2026-02-24T19:52:46.668+0700","file":"server/main.go:71","message":"Server exited properly"}
{"level":"INFO","timestamp":"2026-02-24T20:57:55.035+0700","file":"server/main.go:62","message":"Shutting down server..."}
{"level":"INFO","timestamp":"2026-02-24T20:57:55.054+0700","file":"server/main.go:71","message":"Server exited properly"}
{"level":"INFO","timestamp":"2026-02-24T21:51:36.462+0700","file":"server/main.go:62","message":"Shutting down server..."}
{"level":"INFO","timestamp":"2026-02-24T21:51:36.491+0700","file":"server/main.go:71","message":"Server exited properly"}
{"level":"INFO","timestamp":"2026-02-25T09:27:46.846+0700","file":"web_system/service.usecase.go:107","message":"create service","service":{"id":"38d67290-a5ca-4eec-bb9d-b27ccae75d46","code":"DELIVERY-HCM","name":"Giao hàng TP HCM","base_price":15000,"min_price":22000,"is_active":true,"created_at":"2026-02-25T09:27:46.796573+07:00","updated_at":"2026-02-25T09:27:46.796573+07:00","deleted_at":"0001-01-01T00:00:00Z"}}
{"level":"INFO","timestamp":"2026-02-25T10:01:03.726+0700","file":"web_system/service.usecase.go:107","message":"create service","service":{"id":"ad7cd96c-5b50-4e70-b952-6324c51b0db3","code":"GHN-HCM","name":"Giao hàng nhanh","base_price":5000,"min_price":13000,"is_active":true,"created_at":"2026-02-25T10:01:03.640989+07:00","updated_at":"2026-02-25T10:01:03.640989+07:00","deleted_at":"0001-01-01T00:00:00Z"}}
{"level":"INFO","timestamp":"2026-02-25T10:12:56.727+0700","file":"server/main.go:62","message":"Shutting down server..."}
{"level":"INFO","timestamp":"2026-02-25T10:12:56.735+0700","file":"server/main.go:71","message":"Server exited properly"}
{"level":"INFO","timestamp":"2026-02-25T10:13:11.723+0700","file":"server/main.go:62","message":"Shutting down server..."}
{"level":"INFO","timestamp":"2026-02-25T10:13:11.726+0700","file":"server/main.go:71","message":"Server exited properly"}
{"level":"INFO","timestamp":"2026-02-25T10:15:52.713+0700","file":"server/main.go:62","message":"Shutting down server..."}
{"level":"INFO","timestamp":"2026-02-25T10:15:52.720+0700","file":"server/main.go:71","message":"Server exited properly"}
{"level":"INFO","timestamp":"2026-02-25T10:33:03.182+0700","file":"server/main.go:62","message":"Shutting down server..."}
{"level":"INFO","timestamp":"2026-02-25T10:33:03.189+0700","file":"server/main.go:71","message":"Server exited properly"}
{"level":"INFO","timestamp":"2026-02-25T13:37:20.965+0700","file":"web_system/service.usecase.go:107","message":"create service","service":{"id":"d8a8f720-45fe-4807-899a-23b78fbc74de","code":"GHHT-HCM","name":"Giao hàng hoả tốc","base_price":12000,"min_price":150000,"is_active":true,"created_at":"2026-02-25T13:37:20.899595+07:00","updated_at":"2026-02-25T13:37:20.899595+07:00","deleted_at":"0001-01-01T00:00:00Z"}}
{"level":"INFO","timestamp":"2026-02-25T14:15:57.379+0700","file":"server/main.go:62","message":"Shutting down server..."}
{"level":"INFO","timestamp":"2026-02-25T14:15:57.387+0700","file":"server/main.go:71","message":"Server exited properly"}
{"level":"INFO","timestamp":"2026-02-25T14:22:09.896+0700","file":"server/main.go:62","message":"Shutting down server..."}
{"level":"INFO","timestamp":"2026-02-25T14:22:09.913+0700","file":"server/main.go:71","message":"Server exited properly"}
{"level":"INFO","timestamp":"2026-02-25T14:22:17.873+0700","file":"server/main.go:62","message":"Shutting down server..."}
{"level":"INFO","timestamp":"2026-02-25T14:22:17.875+0700","file":"server/main.go:71","message":"Server exited properly"}
{"level":"INFO","timestamp":"2026-02-25T16:38:35.050+0700","file":"server/main.go:62","message":"Shutting down server..."}
{"level":"INFO","timestamp":"2026-02-25T16:38:35.058+0700","file":"server/main.go:71","message":"Server exited properly"}
{"level":"INFO","timestamp":"2026-02-25T16:38:42.553+0700","file":"server/main.go:62","message":"Shutting down server..."}
{"level":"INFO","timestamp":"2026-02-25T16:38:42.561+0700","file":"server/main.go:71","message":"Server exited properly"}
{"level":"INFO","timestamp":"2026-02-25T16:38:56.545+0700","file":"server/main.go:62","message":"Shutting down server..."}
{"level":"INFO","timestamp":"2026-02-25T16:38:56.547+0700","file":"server/main.go:71","message":"Server exited properly"}
{"level":"INFO","timestamp":"2026-02-25T16:39:04.056+0700","file":"server/main.go:62","message":"Shutting down server..."}
{"level":"INFO","timestamp":"2026-02-25T16:39:04.066+0700","file":"server/main.go:71","message":"Server exited properly"}
{"level":"INFO","timestamp":"2026-02-25T16:39:11.053+0700","file":"server/main.go:62","message":"Shutting down server..."}
{"level":"INFO","timestamp":"2026-02-25T16:39:11.059+0700","file":"server/main.go:71","message":"Server exited properly"}
{"level":"INFO","timestamp":"2026-02-25T16:39:26.047+0700","file":"server/main.go:62","message":"Shutting down server..."}
{"level":"INFO","timestamp":"2026-02-25T16:39:26.051+0700","file":"server/main.go:71","message":"Server exited properly"}
{"level":"INFO","timestamp":"2026-02-25T16:39:37.560+0700","file":"server/main.go:62","message":"Shutting down server..."}
{"level":"INFO","timestamp":"2026-02-25T16:39:37.563+0700","file":"server/main.go:71","message":"Server exited properly"}
{"level":"INFO","timestamp":"2026-02-25T16:39:48.041+0700","file":"server/main.go:62","message":"Shutting down server..."}
{"level":"INFO","timestamp":"2026-02-25T16:39:48.042+0700","file":"server/main.go:71","message":"Server exited properly"}
{"level":"INFO","timestamp":"2026-02-25T16:52:55.062+0700","file":"server/main.go:62","message":"Shutting down server..."}
{"level":"INFO","timestamp":"2026-02-25T16:52:55.076+0700","file":"server/main.go:71","message":"Server exited properly"}
{"level":"INFO","timestamp":"2026-02-25T16:53:23.036+0700","file":"server/main.go:62","message":"Shutting down server..."}
{"level":"INFO","timestamp":"2026-02-25T16:53:23.038+0700","file":"server/main.go:71","message":"Server exited properly"}
{"level":"INFO","timestamp":"2026-02-25T16:53:24.542+0700","file":"server/main.go:62","message":"Shutting down server..."}
{"level":"INFO","timestamp":"2026-02-25T16:53:24.543+0700","file":"server/main.go:71","message":"Server exited properly"}
{"level":"INFO","timestamp":"2026-02-25T16:54:03.033+0700","file":"server/main.go:62","message":"Shutting down server..."}
{"level":"INFO","timestamp":"2026-02-25T16:54:03.035+0700","file":"server/main.go:71","message":"Server exited properly"}
{"level":"INFO","timestamp":"2026-02-25T16:58:32.044+0700","file":"server/main.go:62","message":"Shutting down server..."}
{"level":"INFO","timestamp":"2026-02-25T16:58:32.052+0700","file":"server/main.go:71","message":"Server exited properly"}
{"level":"INFO","timestamp":"2026-02-25T16:58:36.035+0700","file":"server/main.go:62","message":"Shutting down server..."}
{"level":"INFO","timestamp":"2026-02-25T16:58:36.037+0700","file":"server/main.go:71","message":"Server exited properly"}
{"level":"INFO","timestamp":"2026-02-25T16:58:41.027+0700","file":"server/main.go:62","message":"Shutting down server..."}
{"level":"INFO","timestamp":"2026-02-25T16:58:41.030+0700","file":"server/main.go:71","message":"Server exited properly"}
{"level":"INFO","timestamp":"2026-02-25T16:58:45.039+0700","file":"server/main.go:62","message":"Shutting down server..."}
{"level":"INFO","timestamp":"2026-02-25T16:58:45.041+0700","file":"server/main.go:71","message":"Server exited properly"}
{"level":"INFO","timestamp":"2026-02-25T16:59:00.540+0700","file":"server/main.go:62","message":"Shutting down server..."}
{"level":"INFO","timestamp":"2026-02-25T16:59:00.541+0700","file":"server/main.go:71","message":"Server exited properly"}
{"level":"INFO","timestamp":"2026-02-25T16:59:14.519+0700","file":"server/main.go:62","message":"Shutting down server..."}
{"level":"INFO","timestamp":"2026-02-25T16:59:14.521+0700","file":"server/main.go:71","message":"Server exited properly"}
{"level":"INFO","timestamp":"2026-02-25T16:59:24.497+0700","file":"server/main.go:62","message":"Shutting down server..."}
{"level":"INFO","timestamp":"2026-02-25T16:59:24.499+0700","file":"server/main.go:71","message":"Server exited properly"}
{"level":"INFO","timestamp":"2026-02-25T16:59:33.003+0700","file":"server/main.go:62","message":"Shutting down server..."}
{"level":"INFO","timestamp":"2026-02-25T16:59:33.007+0700","file":"server/main.go:71","message":"Server exited properly"}
{"level":"INFO","timestamp":"2026-02-25T16:59:36.497+0700","file":"server/main.go:62","message":"Shutting down server..."}
{"level":"INFO","timestamp":"2026-02-25T16:59:36.498+0700","file":"server/main.go:71","message":"Server exited properly"}
{"level":"INFO","timestamp":"2026-02-25T16:59:41.998+0700","file":"server/main.go:62","message":"Shutting down server..."}
{"level":"INFO","timestamp":"2026-02-25T16:59:42.001+0700","file":"server/main.go:71","message":"Server exited properly"}
{"level":"INFO","timestamp":"2026-02-25T16:59:56.488+0700","file":"server/main.go:62","message":"Shutting down server..."}
{"level":"INFO","timestamp":"2026-02-25T16:59:56.490+0700","file":"server/main.go:71","message":"Server exited properly"}
{"level":"INFO","timestamp":"2026-02-25T17:00:09.000+0700","file":"server/main.go:62","message":"Shutting down server..."}
{"level":"INFO","timestamp":"2026-02-25T17:00:09.004+0700","file":"server/main.go:71","message":"Server exited properly"}
{"level":"INFO","timestamp":"2026-02-25T20:59:58.654+0700","file":"server/main.go:62","message":"Shutting down server..."}
{"level":"INFO","timestamp":"2026-02-25T20:59:58.663+0700","file":"server/main.go:71","message":"Server exited properly"}
{"level":"INFO","timestamp":"2026-02-25T21:00:02.153+0700","file":"server/main.go:62","message":"Shutting down server..."}
{"level":"INFO","timestamp":"2026-02-25T21:00:02.155+0700","file":"server/main.go:71","message":"Server exited properly"}
{"level":"INFO","timestamp":"2026-02-25T21:02:03.150+0700","file":"server/main.go:62","message":"Shutting down server..."}
{"level":"INFO","timestamp":"2026-02-25T21:02:03.158+0700","file":"server/main.go:71","message":"Server exited properly"}
{"level":"INFO","timestamp":"2026-02-25T21:05:07.646+0700","file":"server/main.go:62","message":"Shutting down server..."}
{"level":"INFO","timestamp":"2026-02-25T21:05:07.658+0700","file":"server/main.go:71","message":"Server exited properly"}
{"level":"INFO","timestamp":"2026-02-25T21:05:11.648+0700","file":"server/main.go:62","message":"Shutting down server..."}
{"level":"INFO","timestamp":"2026-02-25T21:05:11.651+0700","file":"server/main.go:71","message":"Server exited properly"}
{"level":"INFO","timestamp":"2026-02-25T21:05:51.157+0700","file":"server/main.go:62","message":"Shutting down server..."}
{"level":"INFO","timestamp":"2026-02-25T21:05:51.158+0700","file":"server/main.go:71","message":"Server exited properly"}
{"level":"INFO","timestamp":"2026-02-25T21:05:59.156+0700","file":"server/main.go:62","message":"Shutting down server..."}
{"level":"INFO","timestamp":"2026-02-25T21:05:59.159+0700","file":"server/main.go:71","message":"Server exited properly"}
{"level":"INFO","timestamp":"2026-02-25T21:06:08.655+0700","file":"server/main.go:62","message":"Shutting down server..."}
{"level":"INFO","timestamp":"2026-02-25T21:06:08.657+0700","file":"server/main.go:71","message":"Server exited properly"}
{"level":"INFO","timestamp":"2026-02-25T21:06:14.155+0700","file":"server/main.go:62","message":"Shutting down server..."}
{"level":"INFO","timestamp":"2026-02-25T21:06:14.156+0700","file":"server/main.go:71","message":"Server exited properly"}
{"level":"INFO","timestamp":"2026-02-25T21:06:47.156+0700","file":"server/main.go:62","message":"Shutting down server..."}
{"level":"INFO","timestamp":"2026-02-25T21:06:47.158+0700","file":"server/main.go:71","message":"Server exited properly"}
{"level":"INFO","timestamp":"2026-02-25T21:08:53.649+0700","file":"server/main.go:62","message":"Shutting down server..."}
{"level":"INFO","timestamp":"2026-02-25T21:08:53.658+0700","file":"server/main.go:71","message":"Server exited properly"}
{"level":"INFO","timestamp":"2026-02-25T21:09:04.355+0700","file":"server/main.go:62","message":"Shutting down server..."}
{"level":"INFO","timestamp":"2026-02-25T21:09:04.357+0700","file":"server/main.go:71","message":"Server exited properly"}
{"level":"INFO","timestamp":"2026-02-25T21:09:45.643+0700","file":"server/main.go:62","message":"Shutting down server..."}
{"level":"INFO","timestamp":"2026-02-25T21:09:45.648+0700","file":"server/main.go:71","message":"Server exited properly"}
{"level":"INFO","timestamp":"2026-02-25T21:09:57.111+0700","file":"server/main.go:62","message":"Shutting down server..."}
{"level":"INFO","timestamp":"2026-02-25T21:09:57.113+0700","file":"server/main.go:71","message":"Server exited properly"}
{"level":"INFO","timestamp":"2026-02-25T21:10:06.143+0700","file":"server/main.go:62","message":"Shutting down server..."}
{"level":"INFO","timestamp":"2026-02-25T21:10:06.144+0700","file":"server/main.go:71","message":"Server exited properly"}
{"level":"INFO","timestamp":"2026-02-25T21:23:06.548+0700","file":"server/main.go:62","message":"Shutting down server..."}
{"level":"INFO","timestamp":"2026-02-25T21:23:06.563+0700","file":"server/main.go:71","message":"Server exited properly"}
{"level":"INFO","timestamp":"2026-02-25T21:23:40.048+0700","file":"server/main.go:62","message":"Shutting down server..."}
{"level":"INFO","timestamp":"2026-02-25T21:23:40.051+0700","file":"server/main.go:71","message":"Server exited properly"}
{"level":"INFO","timestamp":"2026-02-25T21:23:52.544+0700","file":"server/main.go:62","message":"Shutting down server..."}
{"level":"INFO","timestamp":"2026-02-25T21:23:52.548+0700","file":"server/main.go:71","message":"Server exited properly"}
{"level":"INFO","timestamp":"2026-02-25T21:24:03.042+0700","file":"server/main.go:62","message":"Shutting down server..."}
{"level":"INFO","timestamp":"2026-02-25T21:24:03.045+0700","file":"server/main.go:71","message":"Server exited properly"}
{"level":"INFO","timestamp":"2026-02-25T21:24:22.545+0700","file":"server/main.go:62","message":"Shutting down server..."}
{"level":"INFO","timestamp":"2026-02-25T21:24:22.549+0700","file":"server/main.go:71","message":"Server exited properly"}
{"level":"INFO","timestamp":"2026-02-25T21:29:30.045+0700","file":"server/main.go:62","message":"Shutting down server..."}
{"level":"INFO","timestamp":"2026-02-25T21:29:30.057+0700","file":"server/main.go:71","message":"Server exited properly"}
{"level":"INFO","timestamp":"2026-02-25T21:30:00.035+0700","file":"server/main.go:62","message":"Shutting down server..."}
{"level":"INFO","timestamp":"2026-02-25T21:30:00.037+0700","file":"server/main.go:71","message":"Server exited properly"}
{"level":"INFO","timestamp":"2026-02-25T21:30:18.556+0700","file":"server/main.go:62","message":"Shutting down server..."}
{"level":"INFO","timestamp":"2026-02-25T21:30:18.559+0700","file":"server/main.go:71","message":"Server exited properly"}
{"level":"INFO","timestamp":"2026-02-25T21:30:23.534+0700","file":"server/main.go:62","message":"Shutting down server..."}
{"level":"INFO","timestamp":"2026-02-25T21:30:23.537+0700","file":"server/main.go:71","message":"Server exited properly"}
{"level":"INFO","timestamp":"2026-02-25T21:30:29.523+0700","file":"server/main.go:62","message":"Shutting down server..."}
{"level":"INFO","timestamp":"2026-02-25T21:30:29.527+0700","file":"server/main.go:71","message":"Server exited properly"}
{"level":"INFO","timestamp":"2026-02-25T21:30:33.523+0700","file":"server/main.go:62","message":"Shutting down server..."}
{"level":"INFO","timestamp":"2026-02-25T21:30:33.527+0700","file":"server/main.go:71","message":"Server exited properly"}
{"level":"INFO","timestamp":"2026-02-25T21:30:48.033+0700","file":"server/main.go:62","message":"Shutting down server..."}
{"level":"INFO","timestamp":"2026-02-25T21:30:48.036+0700","file":"server/main.go:71","message":"Server exited properly"}
{"level":"INFO","timestamp":"2026-02-25T21:30:58.020+0700","file":"server/main.go:62","message":"Shutting down server..."}
{"level":"INFO","timestamp":"2026-02-25T21:30:58.024+0700","file":"server/main.go:71","message":"Server exited properly"}
{"level":"INFO","timestamp":"2026-02-25T21:31:05.024+0700","file":"server/main.go:62","message":"Shutting down server..."}
{"level":"INFO","timestamp":"2026-02-25T21:31:05.027+0700","file":"server/main.go:71","message":"Server exited properly"}
{"level":"INFO","timestamp":"2026-02-25T21:31:09.522+0700","file":"server/main.go:62","message":"Shutting down server..."}
{"level":"INFO","timestamp":"2026-02-25T21:31:09.526+0700","file":"server/main.go:71","message":"Server exited properly"}
{"level":"INFO","timestamp":"2026-02-25T21:31:24.020+0700","file":"server/main.go:62","message":"Shutting down server..."}
{"level":"INFO","timestamp":"2026-02-25T21:31:24.023+0700","file":"server/main.go:71","message":"Server exited properly"}
{"level":"INFO","timestamp":"2026-02-25T21:31:30.032+0700","file":"server/main.go:62","message":"Shutting down server..."}
{"level":"INFO","timestamp":"2026-02-25T21:31:30.038+0700","file":"server/main.go:71","message":"Server exited properly"}
{"level":"INFO","timestamp":"2026-02-25T21:31:33.022+0700","file":"server/main.go:62","message":"Shutting down server..."}
{"level":"INFO","timestamp":"2026-02-25T21:31:33.026+0700","file":"server/main.go:71","message":"Server exited properly"}
{"level":"INFO","timestamp":"2026-02-25T21:31:42.519+0700","file":"server/main.go:62","message":"Shutting down server..."}
{"level":"INFO","timestamp":"2026-02-25T21:31:42.524+0700","file":"server/main.go:71","message":"Server exited properly"}
{"level":"INFO","timestamp":"2026-02-25T21:31:46.032+0700","file":"server/main.go:62","message":"Shutting down server..."}
{"level":"INFO","timestamp":"2026-02-25T21:31:46.034+0700","file":"server/main.go:71","message":"Server exited properly"}
{"level":"INFO","timestamp":"2026-02-25T21:31:50.031+0700","file":"server/main.go:62","message":"Shutting down server..."}
{"level":"INFO","timestamp":"2026-02-25T21:31:50.032+0700","file":"server/main.go:71","message":"Server exited properly"}
{"level":"INFO","timestamp":"2026-02-25T21:32:09.530+0700","file":"server/main.go:62","message":"Shutting down server..."}
{"level":"INFO","timestamp":"2026-02-25T21:32:09.532+0700","file":"server/main.go:71","message":"Server exited properly"}
{"level":"INFO","timestamp":"2026-02-25T21:32:35.530+0700","file":"server/main.go:62","message":"Shutting down server..."}
{"level":"INFO","timestamp":"2026-02-25T21:32:35.532+0700","file":"server/main.go:71","message":"Server exited properly"}
{"level":"INFO","timestamp":"2026-02-25T21:32:59.028+0700","file":"server/main.go:62","message":"Shutting down server..."}
{"level":"INFO","timestamp":"2026-02-25T21:32:59.032+0700","file":"server/main.go:71","message":"Server exited properly"}
{"level":"INFO","timestamp":"2026-02-25T21:33:21.523+0700","file":"server/main.go:62","message":"Shutting down server..."}
{"level":"INFO","timestamp":"2026-02-25T21:33:21.525+0700","file":"server/main.go:71","message":"Server exited properly"}
{"level":"INFO","timestamp":"2026-02-25T21:33:47.522+0700","file":"server/main.go:62","message":"Shutting down server..."}
{"level":"INFO","timestamp":"2026-02-25T21:33:47.525+0700","file":"server/main.go:71","message":"Server exited properly"}
{"level":"INFO","timestamp":"2026-02-25T21:34:06.022+0700","file":"server/main.go:62","message":"Shutting down server..."}
{"level":"INFO","timestamp":"2026-02-25T21:34:06.024+0700","file":"server/main.go:71","message":"Server exited properly"}
{"level":"INFO","timestamp":"2026-02-25T21:34:16.573+0700","file":"server/main.go:62","message":"Shutting down server..."}
{"level":"INFO","timestamp":"2026-02-25T21:34:16.578+0700","file":"server/main.go:71","message":"Server exited properly"}
{"level":"INFO","timestamp":"2026-02-25T21:34:53.036+0700","file":"server/main.go:62","message":"Shutting down server..."}
{"level":"INFO","timestamp":"2026-02-25T21:34:53.039+0700","file":"server/main.go:71","message":"Server exited properly"}
{"level":"INFO","timestamp":"2026-02-25T21:35:54.523+0700","file":"server/main.go:62","message":"Shutting down server..."}
{"level":"INFO","timestamp":"2026-02-25T21:35:54.527+0700","file":"server/main.go:71","message":"Server exited properly"}
{"level":"INFO","timestamp":"2026-02-25T21:37:03.018+0700","file":"server/main.go:62","message":"Shutting down server..."}
{"level":"INFO","timestamp":"2026-02-25T21:37:03.021+0700","file":"server/main.go:71","message":"Server exited properly"}
{"level":"INFO","timestamp":"2026-02-25T21:38:05.514+0700","file":"server/main.go:62","message":"Shutting down server..."}
{"level":"INFO","timestamp":"2026-02-25T21:38:05.515+0700","file":"server/main.go:71","message":"Server exited properly"}
{"level":"INFO","timestamp":"2026-02-25T21:38:34.515+0700","file":"server/main.go:62","message":"Shutting down server..."}
{"level":"INFO","timestamp":"2026-02-25T21:38:34.519+0700","file":"server/main.go:71","message":"Server exited properly"}
{"level":"INFO","timestamp":"2026-02-25T21:39:01.513+0700","file":"server/main.go:62","message":"Shutting down server..."}
{"level":"INFO","timestamp":"2026-02-25T21:39:01.515+0700","file":"server/main.go:71","message":"Server exited properly"}
{"level":"INFO","timestamp":"2026-02-25T21:42:04.498+0700","file":"server/main.go:62","message":"Shutting down server..."}
{"level":"INFO","timestamp":"2026-02-25T21:42:04.506+0700","file":"server/main.go:71","message":"Server exited properly"}
{"level":"INFO","timestamp":"2026-02-25T21:56:34.979+0700","file":"server/main.go:62","message":"Shutting down server..."}
{"level":"INFO","timestamp":"2026-02-25T21:56:35.001+0700","file":"server/main.go:71","message":"Server exited properly"}
{"level":"INFO","timestamp":"2026-02-25T21:59:18.495+0700","file":"server/main.go:62","message":"Shutting down server..."}
{"level":"INFO","timestamp":"2026-02-25T21:59:18.513+0700","file":"server/main.go:71","message":"Server exited properly"}
{"level":"INFO","timestamp":"2026-02-25T22:07:52.970+0700","file":"server/main.go:62","message":"Shutting down server..."}
{"level":"INFO","timestamp":"2026-02-25T22:07:52.976+0700","file":"server/main.go:71","message":"Server exited properly"}
{"level":"INFO","timestamp":"2026-02-25T22:08:11.964+0700","file":"server/main.go:62","message":"Shutting down server..."}
{"level":"INFO","timestamp":"2026-02-25T22:08:11.967+0700","file":"server/main.go:71","message":"Server exited properly"}
{"level":"INFO","timestamp":"2026-02-25T22:08:23.469+0700","file":"server/main.go:62","message":"Shutting down server..."}
{"level":"INFO","timestamp":"2026-02-25T22:08:23.475+0700","file":"server/main.go:71","message":"Server exited properly"}
{"level":"INFO","timestamp":"2026-02-25T22:08:31.952+0700","file":"server/main.go:62","message":"Shutting down server..."}
{"level":"INFO","timestamp":"2026-02-25T22:08:31.955+0700","file":"server/main.go:71","message":"Server exited properly"}
{"level":"INFO","timestamp":"2026-02-25T22:20:58.941+0700","file":"server/main.go:62","message":"Shutting down server..."}
{"level":"INFO","timestamp":"2026-02-25T22:20:58.954+0700","file":"server/main.go:71","message":"Server exited properly"}
{"level":"INFO","timestamp":"2026-02-25T22:21:02.946+0700","file":"server/main.go:62","message":"Shutting down server..."}
{"level":"INFO","timestamp":"2026-02-25T22:21:02.951+0700","file":"server/main.go:71","message":"Server exited properly"}
{"level":"INFO","timestamp":"2026-02-25T22:21:06.936+0700","file":"server/main.go:62","message":"Shutting down server..."}
{"level":"INFO","timestamp":"2026-02-25T22:21:06.955+0700","file":"server/main.go:71","message":"Server exited properly"}
{"level":"INFO","timestamp":"2026-02-25T22:21:12.948+0700","file":"server/main.go:62","message":"Shutting down server..."}
{"level":"INFO","timestamp":"2026-02-25T22:21:12.953+0700","file":"server/main.go:71","message":"Server exited properly"}
{"level":"INFO","timestamp":"2026-02-25T22:21:24.447+0700","file":"server/main.go:62","message":"Shutting down server..."}
{"level":"INFO","timestamp":"2026-02-25T22:21:24.448+0700","file":"server/main.go:71","message":"Server exited properly"}
{"level":"INFO","timestamp":"2026-02-25T22:21:28.435+0700","file":"server/main.go:62","message":"Shutting down server..."}
{"level":"INFO","timestamp":"2026-02-25T22:21:28.443+0700","file":"server/main.go:71","message":"Server exited properly"}
{"level":"INFO","timestamp":"2026-02-25T22:21:36.441+0700","file":"server/main.go:62","message":"Shutting down server..."}
{"level":"INFO","timestamp":"2026-02-25T22:21:36.443+0700","file":"server/main.go:71","message":"Server exited properly"}
{"level":"INFO","timestamp":"2026-02-25T22:21:46.954+0700","file":"server/main.go:62","message":"Shutting down server..."}
{"level":"INFO","timestamp":"2026-02-25T22:21:46.968+0700","file":"server/main.go:71","message":"Server exited properly"}
{"level":"INFO","timestamp":"2026-02-25T22:29:21.116+0700","file":"server/main.go:62","message":"Shutting down server..."}
{"level":"INFO","timestamp":"2026-02-25T22:29:21.133+0700","file":"server/main.go:71","message":"Server exited properly"}
{"level":"INFO","timestamp":"2026-02-25T22:29:24.107+0700","file":"server/main.go:62","message":"Shutting down server..."}
{"level":"INFO","timestamp":"2026-02-25T22:29:24.111+0700","file":"server/main.go:71","message":"Server exited properly"}
{"level":"INFO","timestamp":"2026-02-25T22:30:01.112+0700","file":"server/main.go:62","message":"Shutting down server..."}
{"level":"INFO","timestamp":"2026-02-25T22:30:01.115+0700","file":"server/main.go:71","message":"Server exited properly"}
{"level":"INFO","timestamp":"2026-02-25T22:30:11.104+0700","file":"server/main.go:62","message":"Shutting down server..."}
{"level":"INFO","timestamp":"2026-02-25T22:30:11.109+0700","file":"server/main.go:71","message":"Server exited properly"}
